10:38:45.103 [main] INFO  testcase.TC_007_VerifyVersionHistoryButton - Hovered On Rewards_life_work option
10:38:48.165 [main] INFO  testcase.TC_007_VerifyVersionHistoryButton - Clicked On Holiday Schedules Option
10:38:48.203 [main] INFO  testcase.TC_007_VerifyVersionHistoryButton - Validating URL of Holiday Schedules Page...
10:38:48.203 [main] INFO  testcase.TC_007_VerifyVersionHistoryButton - Holiday Schedules Page URL verified...
10:38:48.204 [main] INFO  testcase.TC_007_VerifyVersionHistoryButton - ***** Ending TC_002_VerifyNavigationOfHolidaySchedulePage *****
10:38:48.212 [main] INFO  testcase.TC_007_VerifyVersionHistoryButton - ***** Starting TC_003_VerifyHolidayCalendars2024Text *****
10:38:48.215 [main] INFO  testcase.TC_007_VerifyVersionHistoryButton - Validating Holiday Calendars - 2024 Text...
10:38:51.159 [main] ERROR testcase.TC_007_VerifyVersionHistoryButton - Invalid Text...
10:38:51.161 [main] INFO  testcase.TC_007_VerifyVersionHistoryButton - ***** Ending TC_003_VerifyHolidayCalendars2024Text *****
10:38:51.170 [main] INFO  testcase.TC_007_VerifyVersionHistoryButton - ***** Starting TC_004_VerifyCountsSelected *****
10:38:51.387 [main] INFO  testcase.TC_007_VerifyVersionHistoryButton - Hovered On India America UK Calendar Area
10:38:51.619 [main] INFO  testcase.TC_007_VerifyVersionHistoryButton - Clicked On India_America_UK_Calendar
10:38:58.981 [main] INFO  testcase.TC_007_VerifyVersionHistoryButton - Clicked On Select All Radio button
10:38:58.981 [main] INFO  testcase.TC_007_VerifyVersionHistoryButton - Validating Count Of Selected Documents...
10:38:59.309 [main] INFO  testcase.TC_007_VerifyVersionHistoryButton - Count verified...
10:38:59.309 [main] INFO  testcase.TC_007_VerifyVersionHistoryButton - ***** Ending TC_004_VerifyCountsSelected *****
10:38:59.317 [main] INFO  testcase.TC_007_VerifyVersionHistoryButton - ***** Starting TC_005_ValidateDocumentsDownloadable *****
10:38:59.566 [main] INFO  testcase.TC_007_VerifyVersionHistoryButton - ***** Ending TC_005_ValidateDocumentsDownloadable *****
10:38:59.574 [main] INFO  testcase.TC_007_VerifyVersionHistoryButton - ***** Starting TC_006_VerifyIndiaHolidayCalendarsDocTitle *****
10:38:59.803 [main] INFO  testcase.TC_007_VerifyVersionHistoryButton - Clicked on Download Button
10:39:00.170 [main] INFO  testcase.TC_007_VerifyVersionHistoryButton - Clicked on De-Select
10:39:00.429 [main] INFO  testcase.TC_007_VerifyVersionHistoryButton - Hovered On India Calendar 2024 Document
10:39:00.647 [main] INFO  testcase.TC_007_VerifyVersionHistoryButton - Clicked On India Calendar 2024 Document
10:39:00.648 [main] INFO  testcase.TC_007_VerifyVersionHistoryButton - Validating India Calendar Document Title...
10:39:03.137 [main] INFO  testcase.TC_007_VerifyVersionHistoryButton - India Calendar Document Title verified...
10:39:03.137 [main] INFO  testcase.TC_007_VerifyVersionHistoryButton - ***** Ending TC_006_VerifyIndiaHolidayCalendarsDocTitle *****
10:39:03.144 [main] INFO  testcase.TC_007_VerifyVersionHistoryButton - ***** Starting TC_007_VerifyVersionHistoryButton *****
10:39:03.597 [main] INFO  testcase.TC_007_VerifyVersionHistoryButton - Clicked on Download Button
10:39:10.621 [main] INFO  testcase.TC_007_VerifyVersionHistoryButton - Clicked on Options ... Button
10:39:10.621 [main] INFO  testcase.TC_007_VerifyVersionHistoryButton - Verfying Display of Option Version History...
10:39:10.836 [main] INFO  testcase.TC_007_VerifyVersionHistoryButton - Option Verified...
10:39:11.234 [main] INFO  testcase.TC_007_VerifyVersionHistoryButton - Clicked on Version History Button
10:39:15.725 [main] INFO  testcase.TC_007_VerifyVersionHistoryButton - Version History Details printed in Console
10:39:15.725 [main] DEBUG testcase.TC_007_VerifyVersionHistoryButton - application logs end........
10:39:15.726 [main] INFO  testcase.TC_007_VerifyVersionHistoryButton - ***** Ending TC_007_VerifyVersionHistoryButton *****
