20:01:33.881 [main] INFO  testcase.TC_007_VerifyVersionHistoryButton - Verfying Display of Option Version History...
20:01:34.066 [main] INFO  testcase.TC_007_VerifyVersionHistoryButton - Option Verified...
20:01:35.822 [main] INFO  testcase.TC_007_VerifyVersionHistoryButton - Clicked on Version History Button
20:01:41.991 [main] INFO  testcase.TC_007_VerifyVersionHistoryButton - Version History Details printed in Console
20:01:41.992 [main] DEBUG testcase.TC_007_VerifyVersionHistoryButton - application logs end........
20:01:41.992 [main] INFO  testcase.TC_007_VerifyVersionHistoryButton - ***** Ending TC_007_VerifyVersionHistoryButton *****
23:04:42.955 [main] INFO  testcase.TC_007_VerifyVersionHistoryButton - ***** Starting TC_001_VerifyHolidayScheduleTitle *****
23:04:43.019 [main] DEBUG testcase.TC_007_VerifyVersionHistoryButton - application logs started........
23:04:47.871 [main] INFO  testcase.TC_007_VerifyVersionHistoryButton - Clicked on User Symbol Button
23:04:48.340 [main] INFO  testcase.TC_007_VerifyVersionHistoryButton - Captured User Name
23:04:48.430 [main] INFO  testcase.TC_007_VerifyVersionHistoryButton - Captured User Email Id
23:04:48.753 [main] INFO  testcase.TC_007_VerifyVersionHistoryButton - Clicked on User Symbol Button Again
23:04:48.886 [main] INFO  testcase.TC_007_VerifyVersionHistoryButton - Scrolled Till WebElement Holiday Calendar
23:04:49.061 [main] INFO  testcase.TC_007_VerifyVersionHistoryButton - Clicked On Holiday Calendar Element
23:04:51.811 [main] INFO  testcase.TC_007_VerifyVersionHistoryButton - Captured Holiday Calendar Page Information Displaying
23:04:51.811 [main] INFO  testcase.TC_007_VerifyVersionHistoryButton - Validating Holiday Schedules Title...
23:04:52.430 [main] INFO  testcase.TC_007_VerifyVersionHistoryButton - Holiday Schedules Title verified...
23:04:52.437 [main] INFO  testcase.TC_007_VerifyVersionHistoryButton - ***** Ending TC_001_VerifyHolidayScheduleTitle *****
23:04:52.470 [main] INFO  testcase.TC_007_VerifyVersionHistoryButton - ***** Starting TC_002_VerifyNavigationOfHolidaySchedulePage *****
23:04:52.633 [main] INFO  testcase.TC_007_VerifyVersionHistoryButton - Clicked On People Button
23:04:52.885 [main] INFO  testcase.TC_007_VerifyVersionHistoryButton - Hovered On Rewards_life_work option
23:04:53.166 [main] INFO  testcase.TC_007_VerifyVersionHistoryButton - Clicked On Holiday Schedules Option
23:04:53.191 [main] INFO  testcase.TC_007_VerifyVersionHistoryButton - Validating URL of Holiday Schedules Page...
23:04:53.191 [main] INFO  testcase.TC_007_VerifyVersionHistoryButton - Holiday Schedules Page URL verified...
23:04:53.191 [main] INFO  testcase.TC_007_VerifyVersionHistoryButton - ***** Ending TC_002_VerifyNavigationOfHolidaySchedulePage *****
23:04:53.197 [main] INFO  testcase.TC_007_VerifyVersionHistoryButton - ***** Starting TC_003_VerifyHolidayCalendars2024Text *****
23:04:53.198 [main] INFO  testcase.TC_007_VerifyVersionHistoryButton - Validating Holiday Calendars - 2024 Text...
23:04:53.241 [main] ERROR testcase.TC_007_VerifyVersionHistoryButton - Invalid Text...
23:04:53.243 [main] INFO  testcase.TC_007_VerifyVersionHistoryButton - ***** Ending TC_003_VerifyHolidayCalendars2024Text *****
23:04:53.247 [main] INFO  testcase.TC_007_VerifyVersionHistoryButton - ***** Starting TC_004_VerifyCountsSelected *****
23:04:55.840 [main] INFO  testcase.TC_007_VerifyVersionHistoryButton - Hovered On India America UK Calendar Area
23:04:56.077 [main] INFO  testcase.TC_007_VerifyVersionHistoryButton - Clicked On India_America_UK_Calendar
23:05:02.473 [main] INFO  testcase.TC_007_VerifyVersionHistoryButton - Clicked On Select All Radio button
23:05:02.473 [main] INFO  testcase.TC_007_VerifyVersionHistoryButton - Validating Count Of Selected Documents...
23:05:02.610 [main] INFO  testcase.TC_007_VerifyVersionHistoryButton - Count verified...
23:05:02.610 [main] INFO  testcase.TC_007_VerifyVersionHistoryButton - ***** Ending TC_004_VerifyCountsSelected *****
23:05:02.619 [main] INFO  testcase.TC_007_VerifyVersionHistoryButton - ***** Starting TC_005_ValidateDocumentsDownloadable *****
23:05:03.059 [main] INFO  testcase.TC_007_VerifyVersionHistoryButton - ***** Ending TC_005_ValidateDocumentsDownloadable *****
23:05:03.064 [main] INFO  testcase.TC_007_VerifyVersionHistoryButton - ***** Starting TC_006_VerifyIndiaHolidayCalendarsDocTitle *****
23:05:03.232 [main] INFO  testcase.TC_007_VerifyVersionHistoryButton - Clicked on Download Button
23:05:03.477 [main] INFO  testcase.TC_007_VerifyVersionHistoryButton - Clicked on De-Select
23:05:03.717 [main] INFO  testcase.TC_007_VerifyVersionHistoryButton - Hovered On India Calendar 2024 Document
23:05:03.817 [main] INFO  testcase.TC_007_VerifyVersionHistoryButton - Clicked On India Calendar 2024 Document
23:05:03.818 [main] INFO  testcase.TC_007_VerifyVersionHistoryButton - Validating India Calendar Document Title...
23:05:06.141 [main] INFO  testcase.TC_007_VerifyVersionHistoryButton - India Calendar Document Title verified...
